Computed on 20191029 branch master: shlibs.sh
Size in KB
340	.git
392	.
Computed on 20191116 branch master:
Size in KB
932	.git
1016	.
Computed on 20191116 branch master: RESET
Size in KB
292	.git
376	.
Computed on 20191129 branch master: RESET
Size in KB
680	.git
888	.
Computed on 20191227 branch master: 
Size in KB
2888	.git
3104	.
Computed on 20191227 branch master: RESET 
Size in KB
704	.git
920	.
Computed on 20200411 branch master: shlibs.sh
1118	.git
1214	.
Computed on 20200411 branch master: RESET
308	.git
439	.
Computed on 20200501 branch master: shlibs.sh
986	.git
1117	.
<!-- CHANGE.log EOF -->
